<?xml version="1.0" encoding="UTF-8"?>
<testng-results skipped="0" failed="0" total="1" passed="1">
  <reporter-output>
  </reporter-output>
  <suite name="Default suite" duration-ms="63" started-at="2019-07-11T08:45:45Z" finished-at="2019-07-11T08:45:45Z">
    <groups>
    </groups>
    <test name="Default test" duration-ms="63" started-at="2019-07-11T08:45:45Z" finished-at="2019-07-11T08:45:45Z">
      <class name="Selenium.Week1.Test1">
        <test-method status="PASS" signature="f()[pri:0, instance:Selenium.Week1.Test1@735b5592]" name="f" duration-ms="18" started-at="2019-07-11T14:15:45Z" finished-at="2019-07-11T14:15:45Z">
          <reporter-output>
          </reporter-output>
        </test-method> <!-- f -->
      </class> <!-- Selenium.Week1.Test1 -->
    </test> <!-- Default test -->
  </suite> <!-- Default suite -->
</testng-results>
